<?xml version="1.0" encoding="UTF-8"?>
<testsuites>
  <testsuite id="0" hostname="https://thetestingworldapi.com" package="Student_Details" name="Create_StudentDetails" tests="7" failures="0" errors="0" timestamp="2025-05-13T19:30:18.774" time="1.578">
    <properties>
      <property name="base_url" value="https://thetestingworldapi.com/"/>
      <property name="Student_ID" value="10535293"/>
      <property name="example" value="environ_Variable"/>
      <property name="Student_Name" value="Priyanka"/>
      <property name="Student_LastName" value="Sharma"/>
      <property name="variable_key" value="variable_value"/>
    </properties>
    <testcase classname="Student_Details / Create_StudentDetails" name="Verify Post status code" time="0.225"/>
    <testcase classname="Student_Details / Create_StudentDetails" name="Response time is less than 500ms" time="0.225">
      <failure type="AssertionError" message="expected 1578 to be below 500">
        <![CDATA[AssertionError: expected 1578 to be below 500
   at Object.eval sandbox-script.js:2:1)]]>
      </failure>
    </testcase>
    <testcase classname="Student_Details / Create_StudentDetails" name="Status code name has string created" time="0.225">
      <failure type="AssertionError" message="expected response to have status reason undefined but got 'Created'">
        <![CDATA[AssertionError: expected response to have status reason undefined but got 'Created'
   at Object.eval sandbox-script.js:3:1)]]>
      </failure>
    </testcase>
    <testcase classname="Student_Details / Create_StudentDetails" name="In Response header Server is present" time="0.225"/>
    <testcase classname="Student_Details / Create_StudentDetails" name="Verify response header, Server value" time="0.225"/>
    <testcase classname="Student_Details / Create_StudentDetails" name="Verify status code is in list" time="0.225"/>
    <testcase classname="Student_Details / Create_StudentDetails" name="Validate response last  name" time="0.225"/>
  </testsuite>
  <testsuite id="1" hostname="https://thetestingworldapi.com" package="Student_Details" name="Get_StudentDetailsByID" tests="4" failures="0" errors="0" timestamp="2025-05-13T19:30:20.352" time="0.327">
    <properties>
      <property name="base_url" value="https://thetestingworldapi.com/"/>
      <property name="Student_ID" value="10535293"/>
      <property name="example" value="environ_Variable"/>
      <property name="Student_Name" value="Priyanka"/>
      <property name="Student_LastName" value="Sharma"/>
      <property name="variable_key" value="variable_value"/>
    </properties>
    <testcase classname="Student_Details / Get_StudentDetailsByID" name="Verify Get success code" time="0.082"/>
    <testcase classname="Student_Details / Get_StudentDetailsByID" name="Response time is less than 200ms" time="0.082">
      <failure type="AssertionError" message="expected 327 to be below 300">
        <![CDATA[AssertionError: expected 327 to be below 300
   at Object.eval sandbox-script.js:2:2)]]>
      </failure>
    </testcase>
    <testcase classname="Student_Details / Get_StudentDetailsByID" name="Verify Staus response value" time="0.082"/>
    <testcase classname="Student_Details / Get_StudentDetailsByID" name="Status code name has string" time="0.082"/>
  </testsuite>
  <testsuite id="2" hostname="https://thetestingworldapi.com" package="Student_Details" name="Update_StudentDetails" tests="4" failures="0" errors="0" timestamp="2025-05-13T19:30:20.679" time="0.311">
    <properties>
      <property name="base_url" value="https://thetestingworldapi.com/"/>
      <property name="Student_ID" value="10535293"/>
      <property name="example" value="environ_Variable"/>
      <property name="Student_Name" value="Priyanka"/>
      <property name="Student_LastName" value="Sharma"/>
      <property name="variable_key" value="variable_value"/>
    </properties>
    <testcase classname="Student_Details / Update_StudentDetails" name="Verify Update success code" time="0.078">
      <failure type="AssertionError" message="expected response to have status code 200 but got 400">
        <![CDATA[AssertionError: expected response to have status code 200 but got 400
   at Object.eval sandbox-script.js:1:3)]]>
      </failure>
    </testcase>
    <testcase classname="Student_Details / Update_StudentDetails" name="Response time is less than 200ms" time="0.078">
      <failure type="AssertionError" message="expected 311 to be below 300">
        <![CDATA[AssertionError: expected 311 to be below 300
   at Object.eval sandbox-script.js:2:3)]]>
      </failure>
    </testcase>
    <testcase classname="Student_Details / Update_StudentDetails" name="Verify Staus response value" time="0.078">
      <failure type="AssertionError" message="expected '' to include 'update  data success'">
        <![CDATA[AssertionError: expected '' to include 'update  data success'
   at Object.eval sandbox-script.js:3:3)]]>
      </failure>
    </testcase>
    <testcase classname="Student_Details / Update_StudentDetails" name="Status code name has string" time="0.078">
      <failure type="AssertionError" message="expected response to have status reason 'OK' but got 'Bad Request'">
        <![CDATA[AssertionError: expected response to have status reason 'OK' but got 'Bad Request'
   at Object.eval sandbox-script.js:4:3)]]>
      </failure>
    </testcase>
  </testsuite>
  <testsuite id="3" hostname="https://thetestingworldapi.com" package="Address Details" name="Add address details" tests="0" failures="0" errors="0" timestamp="2025-05-13T19:30:20.990" time="0.317">
    <properties>
      <property name="base_url" value="https://thetestingworldapi.com/"/>
      <property name="Student_ID" value="10535293"/>
      <property name="example" value="environ_Variable"/>
      <property name="Student_Name" value="Priyanka"/>
      <property name="Student_LastName" value="Sharma"/>
      <property name="variable_key" value="variable_value"/>
    </properties>
  </testsuite>
  <testsuite id="4" hostname="https://thetestingworldapi.com" package="Address Details" name="Final Student Details" tests="1" failures="0" errors="0" timestamp="2025-05-13T19:30:21.307" time="1.160">
    <properties>
      <property name="base_url" value="https://thetestingworldapi.com/"/>
      <property name="Student_ID" value="10535293"/>
      <property name="example" value="environ_Variable"/>
      <property name="Student_Name" value="Priyanka"/>
      <property name="Student_LastName" value="Sharma"/>
      <property name="variable_key" value="variable_value"/>
    </properties>
    <testcase classname="Address Details / Final Student Details" name="Validate State value" time="1.160"/>
  </testsuite>
  <testsuite id="5" hostname="https://thetestingworldapi.com" package="Create New Student" name="Create_StudentDetails" tests="0" failures="0" errors="0" timestamp="2025-05-13T19:30:22.467" time="0.312">
    <properties>
      <property name="base_url" value="https://thetestingworldapi.com/"/>
      <property name="Student_ID" value="10535293"/>
      <property name="example" value="environ_Variable"/>
      <property name="Student_Name" value="Priyanka"/>
      <property name="Student_LastName" value="Sharma"/>
      <property name="variable_key" value="variable_value"/>
    </properties>
  </testsuite>
  <testsuite id="6" hostname="https://thetestingworldapi.com" package="Create New Student" name="Get_StudentDetailsByID" tests="4" failures="0" errors="0" timestamp="2025-05-13T19:30:22.779" time="0.318">
    <properties>
      <property name="base_url" value="https://thetestingworldapi.com/"/>
      <property name="Student_ID" value="10535293"/>
      <property name="example" value="environ_Variable"/>
      <property name="Student_Name" value="Priyanka"/>
      <property name="Student_LastName" value="Sharma"/>
      <property name="variable_key" value="variable_value"/>
    </properties>
    <testcase classname="Create New Student / Get_StudentDetailsByID" name="Verify Get success code" time="0.080"/>
    <testcase classname="Create New Student / Get_StudentDetailsByID" name="Response time is less than 200ms" time="0.080">
      <failure type="AssertionError" message="expected 318 to be below 300">
        <![CDATA[AssertionError: expected 318 to be below 300
   at Object.eval sandbox-script.js:2:7)]]>
      </failure>
    </testcase>
    <testcase classname="Create New Student / Get_StudentDetailsByID" name="Verify Staus response value" time="0.080"/>
    <testcase classname="Create New Student / Get_StudentDetailsByID" name="Status code name has string" time="0.080"/>
  </testsuite>
  <testsuite id="7" hostname="https://thetestingworldapi.com" package="DeleteStudent" name="Get_StudentDetailsByID" tests="4" failures="0" errors="0" timestamp="2025-05-13T19:30:23.097" time="0.314">
    <properties>
      <property name="base_url" value="https://thetestingworldapi.com/"/>
      <property name="Student_ID" value="10535293"/>
      <property name="example" value="environ_Variable"/>
      <property name="Student_Name" value="Priyanka"/>
      <property name="Student_LastName" value="Sharma"/>
      <property name="variable_key" value="variable_value"/>
    </properties>
    <testcase classname="DeleteStudent / Get_StudentDetailsByID" name="Verify Get success code" time="0.079"/>
    <testcase classname="DeleteStudent / Get_StudentDetailsByID" name="Response time is less than 200ms" time="0.079">
      <failure type="AssertionError" message="expected 314 to be below 300">
        <![CDATA[AssertionError: expected 314 to be below 300
   at Object.eval sandbox-script.js:2:8)]]>
      </failure>
    </testcase>
    <testcase classname="DeleteStudent / Get_StudentDetailsByID" name="Verify Staus response value" time="0.079"/>
    <testcase classname="DeleteStudent / Get_StudentDetailsByID" name="Status code name has string" time="0.079"/>
  </testsuite>
  <testsuite id="8" hostname="https://thetestingworldapi.com" package="DeleteStudent" name="Delete_StudentDetails" tests="4" failures="0" errors="0" timestamp="2025-05-13T19:30:23.411" time="0.326">
    <properties>
      <property name="base_url" value="https://thetestingworldapi.com/"/>
      <property name="Student_ID" value="10535293"/>
      <property name="example" value="environ_Variable"/>
      <property name="Student_Name" value="Priyanka"/>
      <property name="Student_LastName" value="Sharma"/>
      <property name="variable_key" value="variable_value"/>
    </properties>
    <testcase classname="DeleteStudent / Delete_StudentDetails" name="Verify Delete status code" time="0.082"/>
    <testcase classname="DeleteStudent / Delete_StudentDetails" name="Response time is less than 800ms" time="0.082">
      <failure type="AssertionError" message="expected 326 to be below 200">
        <![CDATA[AssertionError: expected 326 to be below 200
   at Object.eval sandbox-script.js:2:9)]]>
      </failure>
    </testcase>
    <testcase classname="DeleteStudent / Delete_StudentDetails" name="Verify Staus response value" time="0.082"/>
    <testcase classname="DeleteStudent / Delete_StudentDetails" name="Status code name has string" time="0.082"/>
  </testsuite>
</testsuites>